2016-05-13 11:20:02 - PHP Notice:  Error: You have an error in your SQL syntax; check the manual that corresponds to your MySQL server version for the right syntax to use near '* FROM oc_category_description WHERE id='11' LIMIT 1' at line 1<br />Error No: 1064<br />DELETE * FROM oc_category_description WHERE id='11' LIMIT 1 in /Users/Sergey/Documents/sites/OpenCart/system/database/mysql.php on line 50
2016-05-13 11:21:30 - PHP Notice:  Error: Unknown column 'id' in 'where clause'<br />Error No: 1054<br />DELETE FROM oc_category_description WHERE id='11' LIMIT 1 in /Users/Sergey/Documents/sites/OpenCart/system/database/mysql.php on line 50
2016-05-13 11:22:37 - PHP Notice:  Undefined variable: data in /Users/Sergey/Documents/sites/OpenCart/admin/controller/module/catlink.php on line 67
2016-05-13 11:22:38 - PHP Notice:  Undefined variable: data in /Users/Sergey/Documents/sites/OpenCart/admin/controller/module/catlink.php on line 67
2016-05-13 11:32:11 - PHP Notice:  Undefined variable: data in /Users/Sergey/Documents/sites/OpenCart/admin/controller/module/catlink.php on line 67
2016-05-13 13:20:18 - PHP Notice:  Undefined variable: parent_category_name in /Users/Sergey/Documents/sites/OpenCart/admin/controller/module/catlink.php on line 149
2016-05-13 13:22:51 - PHP Notice:  Undefined variable: data in /Users/Sergey/Documents/sites/OpenCart/admin/controller/module/catlink.php on line 67
2016-05-13 13:23:01 - PHP Notice:  Undefined variable: data in /Users/Sergey/Documents/sites/OpenCart/admin/controller/module/catlink.php on line 67
2016-05-13 13:29:42 - PHP Notice:  Undefined index: name in /Users/Sergey/Documents/sites/OpenCart/admin/controller/module/catlink.php on line 142
2016-05-13 13:29:42 - PHP Notice:  Undefined variable: parent_category_name in /Users/Sergey/Documents/sites/OpenCart/admin/controller/module/catlink.php on line 149
2016-05-13 13:29:42 - PHP Notice:  Undefined variable: second_category_name in /Users/Sergey/Documents/sites/OpenCart/admin/controller/module/catlink.php on line 149
2016-05-13 13:29:42 - PHP Notice:  Undefined index: name in /Users/Sergey/Documents/sites/OpenCart/admin/controller/module/catlink.php on line 56
2016-05-13 13:29:42 - PHP Notice:  Undefined index: name in /Users/Sergey/Documents/sites/OpenCart/admin/controller/module/catlink.php on line 61
2016-05-13 13:29:59 - PHP Notice:  Undefined index: name in /Users/Sergey/Documents/sites/OpenCart/admin/controller/module/catlink.php on line 56
2016-05-13 13:29:59 - PHP Notice:  Undefined index: name in /Users/Sergey/Documents/sites/OpenCart/admin/controller/module/catlink.php on line 61
2016-05-13 13:37:15 - PHP Notice:  Undefined variable: data in /Users/Sergey/Documents/sites/OpenCart/admin/controller/module/catlink.php on line 67
2016-05-13 13:37:22 - PHP Notice:  Undefined variable: parent_category_name in /Users/Sergey/Documents/sites/OpenCart/admin/controller/module/catlink.php on line 149
2016-05-13 13:38:06 - PHP Notice:  Undefined variable: parent_category_name in /Users/Sergey/Documents/sites/OpenCart/admin/controller/module/catlink.php on line 149
2016-05-13 13:51:25 - PHP Notice:  Trying to get property of non-object in /Users/Sergey/Documents/sites/OpenCart/admin/controller/module/catlink.php on line 29
2016-05-13 13:52:12 - PHP Notice:  Trying to get property of non-object in /Users/Sergey/Documents/sites/OpenCart/admin/controller/module/catlink.php on line 29
2016-05-13 13:52:31 - PHP Notice:  Trying to get property of non-object in /Users/Sergey/Documents/sites/OpenCart/admin/controller/module/catlink.php on line 29
2016-05-13 13:52:49 - PHP Notice:  Undefined index: delete_item in /Users/Sergey/Documents/sites/OpenCart/admin/controller/module/catlink.php on line 29
2016-05-13 13:55:00 - PHP Notice:  Undefined index: second_category in /Users/Sergey/Documents/sites/OpenCart/admin/controller/module/catlink.php on line 30
2016-05-13 13:56:10 - PHP Notice:  Undefined index: second_category in /Users/Sergey/Documents/sites/OpenCart/admin/controller/module/catlink.php on line 30
2016-05-13 14:01:57 - PHP Notice:  Undefined variable: parent_category in /Users/Sergey/Documents/sites/OpenCart/admin/controller/module/catlink.php on line 146
2016-05-13 14:01:57 - PHP Notice:  Undefined variable: parent_category_name in /Users/Sergey/Documents/sites/OpenCart/admin/controller/module/catlink.php on line 152
2016-05-13 14:01:57 - PHP Notice:  Error: Column count doesn't match value count at row 1<br />Error No: 1136<br />INSERT INTO oc_category_rules (`id`, `category_id`, `parent_category_id`, `name`, `second_category_id`) VALUES (NULL, 24, 0, '/Телефоны и PDA,Камеры', 33,34) in /Users/Sergey/Documents/sites/OpenCart/system/database/mysql.php on line 50
2016-05-13 14:02:45 - PHP Warning:  implode() [<a href='function.implode'>function.implode</a>]: Invalid arguments passed in /Users/Sergey/Documents/sites/OpenCart/admin/controller/module/catlink.php on line 31
2016-05-13 14:03:08 - PHP Warning:  implode() [<a href='function.implode'>function.implode</a>]: Invalid arguments passed in /Users/Sergey/Documents/sites/OpenCart/admin/controller/module/catlink.php on line 31
2016-05-13 14:04:06 - PHP Warning:  implode() [<a href='function.implode'>function.implode</a>]: Invalid arguments passed in /Users/Sergey/Documents/sites/OpenCart/admin/controller/module/catlink.php on line 31
2016-05-13 14:05:56 - PHP Notice:  Undefined variable: parent_category in /Users/Sergey/Documents/sites/OpenCart/admin/controller/module/catlink.php on line 144
2016-05-13 14:05:56 - PHP Notice:  Undefined variable: parent_category_name in /Users/Sergey/Documents/sites/OpenCart/admin/controller/module/catlink.php on line 150
2016-05-13 14:05:56 - PHP Notice:  Error: Column count doesn't match value count at row 1<br />Error No: 1136<br />INSERT INTO oc_category_rules (`id`, `category_id`, `parent_category_id`, `name`, `second_category_id`) VALUES (NULL, 24, 0, '/Телефоны и PDA,Камеры', 33,34) in /Users/Sergey/Documents/sites/OpenCart/system/database/mysql.php on line 50
2016-05-13 14:06:32 - PHP Notice:  Undefined variable: parent_category in /Users/Sergey/Documents/sites/OpenCart/admin/controller/module/catlink.php on line 144
2016-05-13 14:06:32 - PHP Notice:  Undefined variable: parent_category_name in /Users/Sergey/Documents/sites/OpenCart/admin/controller/module/catlink.php on line 150
2016-05-13 14:06:32 - PHP Notice:  Error: Column count doesn't match value count at row 1<br />Error No: 1136<br />INSERT INTO oc_category_rules (`id`, `category_id`, `parent_category_id`, `name`, `second_category_id`) VALUES (NULL, 24, 0, '/Телефоны и PDA,Камеры', 33,34) in /Users/Sergey/Documents/sites/OpenCart/system/database/mysql.php on line 50
2016-05-13 14:06:59 - PHP Notice:  Error: Column count doesn't match value count at row 1<br />Error No: 1136<br />INSERT INTO oc_category_rules (`id`, `category_id`, `parent_category_id`, `name`, `second_category_id`) VALUES (NULL, 24, 0, '/Телефоны и PDA,Камеры', 33,34) in /Users/Sergey/Documents/sites/OpenCart/system/database/mysql.php on line 50
2016-05-13 14:08:14 - PHP Notice:  Undefined variable: parent_category_name in /Users/Sergey/Documents/sites/OpenCart/admin/controller/module/catlink.php on line 151
2016-05-13 14:08:14 - PHP Notice:  Error: Column count doesn't match value count at row 1<br />Error No: 1136<br />INSERT INTO oc_category_rules (`id`, `category_id`, `parent_category_id`, `name`, `second_category_id`) VALUES (NULL, 24, 0, '/Телефоны и PDA,Камеры', 33,34) in /Users/Sergey/Documents/sites/OpenCart/system/database/mysql.php on line 50
2016-05-13 14:08:45 - PHP Notice:  Undefined variable: category in /Users/Sergey/Documents/sites/OpenCart/admin/controller/module/catlink.php on line 136
2016-05-13 14:08:45 - PHP Notice:  Undefined variable: parent_category_name in /Users/Sergey/Documents/sites/OpenCart/admin/controller/module/catlink.php on line 151
2016-05-13 14:08:45 - PHP Notice:  Error: Column count doesn't match value count at row 1<br />Error No: 1136<br />INSERT INTO oc_category_rules (`id`, `category_id`, `parent_category_id`, `name`, `second_category_id`) VALUES (NULL, 24, 0, '/Телефоны и PDA,Камеры', 33,34) in /Users/Sergey/Documents/sites/OpenCart/system/database/mysql.php on line 50
2016-05-13 14:09:00 - PHP Notice:  Undefined variable: data in /Users/Sergey/Documents/sites/OpenCart/admin/controller/module/catlink.php on line 68
2016-05-13 14:09:01 - PHP Notice:  Undefined variable: data in /Users/Sergey/Documents/sites/OpenCart/admin/controller/module/catlink.php on line 68
2016-05-13 14:09:07 - PHP Notice:  Undefined variable: category in /Users/Sergey/Documents/sites/OpenCart/admin/controller/module/catlink.php on line 136
2016-05-13 14:09:07 - PHP Notice:  Undefined variable: parent_category_name in /Users/Sergey/Documents/sites/OpenCart/admin/controller/module/catlink.php on line 151
2016-05-13 14:09:07 - PHP Notice:  Error: Column count doesn't match value count at row 1<br />Error No: 1136<br />INSERT INTO oc_category_rules (`id`, `category_id`, `parent_category_id`, `name`, `second_category_id`) VALUES (NULL, 24, 0, '/Телефоны и PDA,Камеры', 33,34) in /Users/Sergey/Documents/sites/OpenCart/system/database/mysql.php on line 50
2016-05-13 14:09:32 - PHP Notice:  Error: Column count doesn't match value count at row 1<br />Error No: 1136<br />INSERT INTO oc_category_rules (`id`, `category_id`, `parent_category_id`, `name`, `second_category_id`) VALUES (NULL, 24, 0, 'Телефоны и PDA/Телефоны и PDA,Камеры', 33,34) in /Users/Sergey/Documents/sites/OpenCart/system/database/mysql.php on line 50
2016-05-13 14:09:53 - PHP Notice:  Undefined variable: data in /Users/Sergey/Documents/sites/OpenCart/admin/controller/module/catlink.php on line 68
2016-05-13 14:09:54 - PHP Notice:  Undefined variable: data in /Users/Sergey/Documents/sites/OpenCart/admin/controller/module/catlink.php on line 68
2016-05-13 14:10:02 - PHP Notice:  Error: Column count doesn't match value count at row 1<br />Error No: 1136<br />INSERT INTO oc_category_rules (`id`, `category_id`, `parent_category_id`, `name`, `second_category_id`) VALUES (NULL, 24, 0, 'Телефоны и PDA/Телефоны и PDA,Камеры', 33,34) in /Users/Sergey/Documents/sites/OpenCart/system/database/mysql.php on line 50
2016-05-13 14:10:35 - PHP Notice:  Error: Column count doesn't match value count at row 1<br />Error No: 1136<br />INSERT INTO oc_category_rules (`id`, `category_id`, `parent_category_id`, `name`, `second_category_id`) VALUES (NULL, 24, 24, 'Телефоны и PDA/Телефоны и PDA,Камеры', 33,34) in /Users/Sergey/Documents/sites/OpenCart/system/database/mysql.php on line 50
2016-05-13 14:12:12 - PHP Notice:  Undefined variable: data in /Users/Sergey/Documents/sites/OpenCart/admin/controller/module/catlink.php on line 68
2016-05-13 14:12:19 - PHP Notice:  Error: Column count doesn't match value count at row 1<br />Error No: 1136<br />INSERT INTO oc_category_rules (`id`, `category_id`, `parent_category_id`, `name`, `second_category_id`) VALUES (NULL, 24, NULL, 'Телефоны и PDA/Телефоны и PDA,Камеры', 33,34) in /Users/Sergey/Documents/sites/OpenCart/system/database/mysql.php on line 50
2016-05-13 14:14:37 - PHP Notice:  Error: Column count doesn't match value count at row 1<br />Error No: 1136<br />INSERT INTO oc_category_rules (`id`, `category_id`, `parent_category_id`, `name`, `second_category_id`) VALUES (NULL, 24, 24, 'Телефоны и PDA/Телефоны и PDA,Камеры', 33,34) in /Users/Sergey/Documents/sites/OpenCart/system/database/mysql.php on line 50
2016-05-13 14:14:37 - PHP Notice:  Error: Column count doesn't match value count at row 1<br />Error No: 1136<br />INSERT INTO oc_category_rules (`id`, `category_id`, `parent_category_id`, `name`, `second_category_id`) VALUES (NULL, 24, 24, 'Телефоны и PDA/Телефоны и PDA,Камеры', 33,34) in /Users/Sergey/Documents/sites/OpenCart/system/database/mysql.php on line 50
2016-05-13 14:14:37 - PHP Notice:  Error: Column count doesn't match value count at row 1<br />Error No: 1136<br />INSERT INTO oc_category_rules (`id`, `category_id`, `parent_category_id`, `name`, `second_category_id`) VALUES (NULL, 24, 24, 'Телефоны и PDA/Телефоны и PDA,Камеры', 33,34) in /Users/Sergey/Documents/sites/OpenCart/system/database/mysql.php on line 50
2016-05-13 14:14:38 - PHP Notice:  Error: Column count doesn't match value count at row 1<br />Error No: 1136<br />INSERT INTO oc_category_rules (`id`, `category_id`, `parent_category_id`, `name`, `second_category_id`) VALUES (NULL, 24, 24, 'Телефоны и PDA/Телефоны и PDA,Камеры', 33,34) in /Users/Sergey/Documents/sites/OpenCart/system/database/mysql.php on line 50
2016-05-13 14:14:38 - PHP Notice:  Error: Column count doesn't match value count at row 1<br />Error No: 1136<br />INSERT INTO oc_category_rules (`id`, `category_id`, `parent_category_id`, `name`, `second_category_id`) VALUES (NULL, 24, 24, 'Телефоны и PDA/Телефоны и PDA,Камеры', 33,34) in /Users/Sergey/Documents/sites/OpenCart/system/database/mysql.php on line 50
2016-05-13 14:14:38 - PHP Notice:  Error: Column count doesn't match value count at row 1<br />Error No: 1136<br />INSERT INTO oc_category_rules (`id`, `category_id`, `parent_category_id`, `name`, `second_category_id`) VALUES (NULL, 24, 24, 'Телефоны и PDA/Телефоны и PDA,Камеры', 33,34) in /Users/Sergey/Documents/sites/OpenCart/system/database/mysql.php on line 50
2016-05-13 14:14:38 - PHP Notice:  Error: Column count doesn't match value count at row 1<br />Error No: 1136<br />INSERT INTO oc_category_rules (`id`, `category_id`, `parent_category_id`, `name`, `second_category_id`) VALUES (NULL, 24, 24, 'Телефоны и PDA/Телефоны и PDA,Камеры', 33,34) in /Users/Sergey/Documents/sites/OpenCart/system/database/mysql.php on line 50
2016-05-13 14:14:38 - PHP Notice:  Error: Column count doesn't match value count at row 1<br />Error No: 1136<br />INSERT INTO oc_category_rules (`id`, `category_id`, `parent_category_id`, `name`, `second_category_id`) VALUES (NULL, 24, 24, 'Телефоны и PDA/Телефоны и PDA,Камеры', 33,34) in /Users/Sergey/Documents/sites/OpenCart/system/database/mysql.php on line 50
2016-05-13 14:15:25 - PHP Notice:  Error: Column count doesn't match value count at row 1<br />Error No: 1136<br />INSERT INTO oc_category_rules (`id`, `category_id`, `parent_category_id`, `name`, `second_category_id`) VALUES (NULL, 24, NULL, '/Телефоны и PDA,Камеры', 33,34) in /Users/Sergey/Documents/sites/OpenCart/system/database/mysql.php on line 50
2016-05-13 14:15:26 - PHP Notice:  Error: Column count doesn't match value count at row 1<br />Error No: 1136<br />INSERT INTO oc_category_rules (`id`, `category_id`, `parent_category_id`, `name`, `second_category_id`) VALUES (NULL, 24, NULL, '/Телефоны и PDA,Камеры', 33,34) in /Users/Sergey/Documents/sites/OpenCart/system/database/mysql.php on line 50
2016-05-13 14:16:15 - PHP Notice:  Error: Column count doesn't match value count at row 1<br />Error No: 1136<br />INSERT INTO oc_category_rules (`id`, `category_id`, `parent_category_id`, `name`, `second_category_id`) VALUES (NULL, 24, 1, '/Телефоны и PDA,Камеры', 33,34) in /Users/Sergey/Documents/sites/OpenCart/system/database/mysql.php on line 50
2016-05-13 14:16:16 - PHP Notice:  Error: Column count doesn't match value count at row 1<br />Error No: 1136<br />INSERT INTO oc_category_rules (`id`, `category_id`, `parent_category_id`, `name`, `second_category_id`) VALUES (NULL, 24, 1, '/Телефоны и PDA,Камеры', 33,34) in /Users/Sergey/Documents/sites/OpenCart/system/database/mysql.php on line 50
2016-05-13 14:16:16 - PHP Notice:  Error: Column count doesn't match value count at row 1<br />Error No: 1136<br />INSERT INTO oc_category_rules (`id`, `category_id`, `parent_category_id`, `name`, `second_category_id`) VALUES (NULL, 24, 1, '/Телефоны и PDA,Камеры', 33,34) in /Users/Sergey/Documents/sites/OpenCart/system/database/mysql.php on line 50
2016-05-13 14:16:16 - PHP Notice:  Error: Column count doesn't match value count at row 1<br />Error No: 1136<br />INSERT INTO oc_category_rules (`id`, `category_id`, `parent_category_id`, `name`, `second_category_id`) VALUES (NULL, 24, 1, '/Телефоны и PDA,Камеры', 33,34) in /Users/Sergey/Documents/sites/OpenCart/system/database/mysql.php on line 50
2016-05-13 14:18:13 - PHP Notice:  Error: You have an error in your SQL syntax; check the manual that corresponds to your MySQL server version for the right syntax to use near '34 and product_id = 64' at line 1<br />Error No: 1064<br />SELECT * FROM oc_product_to_category WHERE category_id = 33,34 and product_id = 64 in /Users/Sergey/Documents/sites/OpenCart/system/database/mysql.php on line 50
2016-05-13 14:20:24 - PHP Notice:  Error: Unknown column 'Array' in 'where clause'<br />Error No: 1054<br />SELECT * FROM oc_product_to_category WHERE category_id = Array and product_id = 64 in /Users/Sergey/Documents/sites/OpenCart/system/database/mysql.php on line 50
2016-05-13 14:20:49 - PHP Warning:  explode() expects parameter 2 to be string, array given in /Users/Sergey/Documents/sites/OpenCart/admin/controller/module/catlink.php on line 159
2016-05-13 14:20:49 - PHP Warning:  Invalid argument supplied for foreach() in /Users/Sergey/Documents/sites/OpenCart/admin/controller/module/catlink.php on line 160
2016-05-13 14:20:49 - PHP Warning:  explode() expects parameter 2 to be string, array given in /Users/Sergey/Documents/sites/OpenCart/admin/controller/module/catlink.php on line 159
2016-05-13 14:20:49 - PHP Warning:  Invalid argument supplied for foreach() in /Users/Sergey/Documents/sites/OpenCart/admin/controller/module/catlink.php on line 160
2016-05-13 14:21:34 - PHP Warning:  Invalid argument supplied for foreach() in /Users/Sergey/Documents/sites/OpenCart/admin/controller/module/catlink.php on line 160
2016-05-13 14:21:34 - PHP Warning:  Invalid argument supplied for foreach() in /Users/Sergey/Documents/sites/OpenCart/admin/controller/module/catlink.php on line 160
2016-05-13 14:21:34 - PHP Warning:  Invalid argument supplied for foreach() in /Users/Sergey/Documents/sites/OpenCart/admin/controller/module/catlink.php on line 160
2016-05-13 14:21:34 - PHP Warning:  Invalid argument supplied for foreach() in /Users/Sergey/Documents/sites/OpenCart/admin/controller/module/catlink.php on line 160
2016-05-13 14:21:35 - PHP Warning:  Invalid argument supplied for foreach() in /Users/Sergey/Documents/sites/OpenCart/admin/controller/module/catlink.php on line 160
2016-05-13 14:21:35 - PHP Warning:  Invalid argument supplied for foreach() in /Users/Sergey/Documents/sites/OpenCart/admin/controller/module/catlink.php on line 160
2016-05-13 14:21:35 - PHP Warning:  Invalid argument supplied for foreach() in /Users/Sergey/Documents/sites/OpenCart/admin/controller/module/catlink.php on line 160
2016-05-13 14:21:35 - PHP Warning:  Invalid argument supplied for foreach() in /Users/Sergey/Documents/sites/OpenCart/admin/controller/module/catlink.php on line 160
2016-05-13 14:21:37 - PHP Warning:  Invalid argument supplied for foreach() in /Users/Sergey/Documents/sites/OpenCart/admin/controller/module/catlink.php on line 160
2016-05-13 14:21:37 - PHP Warning:  Invalid argument supplied for foreach() in /Users/Sergey/Documents/sites/OpenCart/admin/controller/module/catlink.php on line 160
2016-05-13 14:21:37 - PHP Warning:  Invalid argument supplied for foreach() in /Users/Sergey/Documents/sites/OpenCart/admin/controller/module/catlink.php on line 160
2016-05-13 14:21:37 - PHP Warning:  Invalid argument supplied for foreach() in /Users/Sergey/Documents/sites/OpenCart/admin/controller/module/catlink.php on line 160
2016-05-13 14:21:53 - PHP Warning:  explode() expects parameter 2 to be string, array given in /Users/Sergey/Documents/sites/OpenCart/admin/controller/module/catlink.php on line 159
2016-05-13 14:21:53 - PHP Warning:  Invalid argument supplied for foreach() in /Users/Sergey/Documents/sites/OpenCart/admin/controller/module/catlink.php on line 160
2016-05-13 14:21:53 - PHP Warning:  explode() expects parameter 2 to be string, array given in /Users/Sergey/Documents/sites/OpenCart/admin/controller/module/catlink.php on line 159
2016-05-13 14:21:53 - PHP Warning:  Invalid argument supplied for foreach() in /Users/Sergey/Documents/sites/OpenCart/admin/controller/module/catlink.php on line 160
2016-05-13 14:22:07 - PHP Warning:  explode() expects parameter 2 to be string, array given in /Users/Sergey/Documents/sites/OpenCart/admin/controller/module/catlink.php on line 160
2016-05-13 14:22:07 - PHP Warning:  Invalid argument supplied for foreach() in /Users/Sergey/Documents/sites/OpenCart/admin/controller/module/catlink.php on line 161
2016-05-13 14:22:07 - PHP Warning:  explode() expects parameter 2 to be string, array given in /Users/Sergey/Documents/sites/OpenCart/admin/controller/module/catlink.php on line 160
2016-05-13 14:22:07 - PHP Warning:  Invalid argument supplied for foreach() in /Users/Sergey/Documents/sites/OpenCart/admin/controller/module/catlink.php on line 161
2016-05-13 14:22:09 - PHP Warning:  explode() expects parameter 2 to be string, array given in /Users/Sergey/Documents/sites/OpenCart/admin/controller/module/catlink.php on line 160
2016-05-13 14:22:09 - PHP Warning:  Invalid argument supplied for foreach() in /Users/Sergey/Documents/sites/OpenCart/admin/controller/module/catlink.php on line 161
2016-05-13 14:22:09 - PHP Warning:  explode() expects parameter 2 to be string, array given in /Users/Sergey/Documents/sites/OpenCart/admin/controller/module/catlink.php on line 160
2016-05-13 14:22:09 - PHP Warning:  Invalid argument supplied for foreach() in /Users/Sergey/Documents/sites/OpenCart/admin/controller/module/catlink.php on line 161
2016-05-13 14:22:16 - PHP Warning:  explode() expects parameter 2 to be string, array given in /Users/Sergey/Documents/sites/OpenCart/admin/controller/module/catlink.php on line 160
2016-05-13 14:22:16 - PHP Warning:  Invalid argument supplied for foreach() in /Users/Sergey/Documents/sites/OpenCart/admin/controller/module/catlink.php on line 162
2016-05-13 14:22:16 - PHP Warning:  explode() expects parameter 2 to be string, array given in /Users/Sergey/Documents/sites/OpenCart/admin/controller/module/catlink.php on line 160
2016-05-13 14:22:16 - PHP Warning:  Invalid argument supplied for foreach() in /Users/Sergey/Documents/sites/OpenCart/admin/controller/module/catlink.php on line 162
2016-05-13 14:22:18 - PHP Warning:  explode() expects parameter 2 to be string, array given in /Users/Sergey/Documents/sites/OpenCart/admin/controller/module/catlink.php on line 160
2016-05-13 14:22:18 - PHP Warning:  Invalid argument supplied for foreach() in /Users/Sergey/Documents/sites/OpenCart/admin/controller/module/catlink.php on line 162
2016-05-13 14:22:18 - PHP Warning:  explode() expects parameter 2 to be string, array given in /Users/Sergey/Documents/sites/OpenCart/admin/controller/module/catlink.php on line 160
2016-05-13 14:22:18 - PHP Warning:  Invalid argument supplied for foreach() in /Users/Sergey/Documents/sites/OpenCart/admin/controller/module/catlink.php on line 162
2016-05-13 14:22:36 - PHP Warning:  explode() expects parameter 2 to be string, array given in /Users/Sergey/Documents/sites/OpenCart/admin/controller/module/catlink.php on line 160
2016-05-13 14:22:36 - PHP Warning:  Invalid argument supplied for foreach() in /Users/Sergey/Documents/sites/OpenCart/admin/controller/module/catlink.php on line 161
2016-05-13 14:22:36 - PHP Warning:  explode() expects parameter 2 to be string, array given in /Users/Sergey/Documents/sites/OpenCart/admin/controller/module/catlink.php on line 160
2016-05-13 14:22:36 - PHP Warning:  Invalid argument supplied for foreach() in /Users/Sergey/Documents/sites/OpenCart/admin/controller/module/catlink.php on line 161
2016-05-13 14:22:45 - PHP Warning:  explode() expects parameter 2 to be string, array given in /Users/Sergey/Documents/sites/OpenCart/admin/controller/module/catlink.php on line 160
2016-05-13 14:22:45 - PHP Warning:  Invalid argument supplied for foreach() in /Users/Sergey/Documents/sites/OpenCart/admin/controller/module/catlink.php on line 162
2016-05-13 14:22:45 - PHP Warning:  explode() expects parameter 2 to be string, array given in /Users/Sergey/Documents/sites/OpenCart/admin/controller/module/catlink.php on line 160
2016-05-13 14:22:45 - PHP Warning:  Invalid argument supplied for foreach() in /Users/Sergey/Documents/sites/OpenCart/admin/controller/module/catlink.php on line 162
2016-05-13 14:23:14 - PHP Warning:  explode() expects parameter 2 to be string, array given in /Users/Sergey/Documents/sites/OpenCart/admin/controller/module/catlink.php on line 160
2016-05-13 14:23:14 - PHP Warning:  Invalid argument supplied for foreach() in /Users/Sergey/Documents/sites/OpenCart/admin/controller/module/catlink.php on line 162
2016-05-13 14:23:14 - PHP Warning:  explode() expects parameter 2 to be string, array given in /Users/Sergey/Documents/sites/OpenCart/admin/controller/module/catlink.php on line 160
2016-05-13 14:23:14 - PHP Warning:  Invalid argument supplied for foreach() in /Users/Sergey/Documents/sites/OpenCart/admin/controller/module/catlink.php on line 162
2016-05-13 14:24:03 - PHP Notice:  Error: Unknown column 'Array' in 'where clause'<br />Error No: 1054<br />SELECT * FROM oc_product_to_category WHERE category_id = Array and product_id = 64 in /Users/Sergey/Documents/sites/OpenCart/system/database/mysql.php on line 50
2016-05-13 14:26:49 - PHP Notice:  Undefined variable: data in /Users/Sergey/Documents/sites/OpenCart/admin/controller/module/catlink.php on line 68
2016-05-13 14:27:59 - PHP Notice:  Undefined variable: data in /Users/Sergey/Documents/sites/OpenCart/admin/controller/module/catlink.php on line 68
2016-05-13 14:32:17 - PHP Notice:  Undefined variable: data in /Users/Sergey/Documents/sites/OpenCart/admin/controller/module/catlink.php on line 68
2016-05-13 14:41:02 - PHP Notice:  Undefined variable: data in /Users/Sergey/Documents/sites/OpenCart/admin/controller/module/catlink.php on line 68
2016-05-13 14:41:03 - PHP Notice:  Undefined variable: data in /Users/Sergey/Documents/sites/OpenCart/admin/controller/module/catlink.php on line 68
2016-05-13 14:41:35 - PHP Notice:  Undefined variable: data in /Users/Sergey/Documents/sites/OpenCart/admin/controller/module/catlink.php on line 67
2016-05-13 14:41:36 - PHP Notice:  Undefined variable: data in /Users/Sergey/Documents/sites/OpenCart/admin/controller/module/catlink.php on line 67
2016-05-13 14:41:36 - PHP Notice:  Undefined variable: data in /Users/Sergey/Documents/sites/OpenCart/admin/controller/module/catlink.php on line 67
2016-05-13 14:41:37 - PHP Notice:  Undefined variable: data in /Users/Sergey/Documents/sites/OpenCart/admin/controller/module/catlink.php on line 67
2016-05-13 14:41:47 - PHP Notice:  Undefined variable: data in /Users/Sergey/Documents/sites/OpenCart/admin/controller/module/catlink.php on line 67
2016-05-13 14:41:49 - PHP Notice:  Undefined variable: data in /Users/Sergey/Documents/sites/OpenCart/admin/controller/module/catlink.php on line 67
